TN:
SF:/Users/xinzhuoliu/7500Crypto/Assignment/INFO7500_uniboy/v5.0/contracts/MyERC20Permit.sol
FN:16,constructor
FNF:1
FNH:1
FNDA:3,constructor
DA:17,3
LF:1
LH:1
BRF:0
BRH:0
end_of_record
TN:
SF:/Users/xinzhuoliu/7500Crypto/Assignment/INFO7500_uniboy/v5.0/contracts/NFTContract.sol
FN:8,constructor
FN:9,mint
FNF:2
FNH:2
FNDA:3,constructor
FNDA:1,mint
DA:10,1
LF:1
LH:1
BRF:0
BRH:0
end_of_record
TN:
SF:/Users/xinzhuoliu/7500Crypto/Assignment/INFO7500_uniboy/v5.0/contracts/NFTDutchAuction.sol
FN:34,initialize
FN:50,onlyOwner
FN:60,_authorizeUpgrade
FN:62,upgrade
FN:67,bid
FNF:5
FNH:2
FNDA:3,initialize
FNDA:0,onlyOwner
FNDA:0,_authorizeUpgrade
FNDA:0,upgrade
FNDA:1,bid
DA:36,3
DA:37,3
DA:38,3
DA:39,3
DA:40,3
DA:41,3
DA:42,3
DA:46,3
DA:47,3
DA:51,0
DA:55,0
DA:63,0
DA:64,0
DA:68,1
DA:69,1
DA:73,1
DA:76,1
DA:81,1
DA:83,1
DA:89,1
DA:94,1
LF:21
LH:17
BRDA:34,1,0,3
BRDA:34,1,1,0
BRDA:51,2,0,0
BRDA:51,2,1,0
BRDA:60,3,0,0
BRDA:60,3,1,0
BRDA:62,4,0,0
BRDA:62,4,1,0
BRDA:68,5,0,1
BRDA:68,5,1,0
BRDA:69,6,0,1
BRDA:69,6,1,0
BRDA:76,7,0,1
BRDA:76,7,1,0
BRF:14
BRH:4
end_of_record
