{"contracts/MyERC20Permit.sol":{"l":{"17":3},"path":"/Users/xinzhuoliu/7500Crypto/Assignment/INFO7500_uniboy/v5.0/contracts/MyERC20Permit.sol","s":{"1":3},"b":{},"f":{"1":3},"fnMap":{"1":{"name":"constructor","line":16,"loc":{"start":{"line":12,"column":4},"end":{"line":18,"column":4}}}},"statementMap":{"1":{"start":{"line":17,"column":8},"end":{"line":17,"column":39}}},"branchMap":{}},"contracts/NFTContract.sol":{"l":{"10":1},"path":"/Users/xinzhuoliu/7500Crypto/Assignment/INFO7500_uniboy/v5.0/contracts/NFTContract.sol","s":{"1":1},"b":{},"f":{"1":3,"2":1},"fnMap":{"1":{"name":"constructor","line":8,"loc":{"start":{"line":8,"column":4},"end":{"line":8,"column":42}}},"2":{"name":"mint","line":9,"loc":{"start":{"line":9,"column":4},"end":{"line":11,"column":4}}}},"statementMap":{"1":{"start":{"line":10,"column":8},"end":{"line":10,"column":25}}},"branchMap":{}},"contracts/NFTDutchAuction.sol":{"l":{"36":3,"37":3,"38":3,"39":3,"40":3,"41":3,"42":3,"46":3,"47":3,"51":0,"55":0,"63":0,"64":0,"68":1,"69":1,"73":1,"76":1,"81":1,"83":1,"89":1,"94":1},"path":"/Users/xinzhuoliu/7500Crypto/Assignment/INFO7500_uniboy/v5.0/contracts/NFTDutchAuction.sol","s":{"1":0,"2":0,"3":0,"4":1,"5":1,"6":1,"7":1,"8":1,"9":1,"10":1},"b":{"1":[3,0],"2":[0,0],"3":[0,0],"4":[0,0],"5":[1,0],"6":[1,0],"7":[1,0]},"f":{"1":3,"2":0,"3":0,"4":0,"5":1},"fnMap":{"1":{"name":"initialize","line":34,"loc":{"start":{"line":27,"column":4},"end":{"line":48,"column":4}}},"2":{"name":"onlyOwner","line":50,"loc":{"start":{"line":50,"column":4},"end":{"line":56,"column":4}}},"3":{"name":"_authorizeUpgrade","line":60,"loc":{"start":{"line":58,"column":4},"end":{"line":60,"column":35}}},"4":{"name":"upgrade","line":62,"loc":{"start":{"line":62,"column":4},"end":{"line":65,"column":4}}},"5":{"name":"bid","line":67,"loc":{"start":{"line":67,"column":4},"end":{"line":95,"column":4}}}},"statementMap":{"1":{"start":{"line":51,"column":8},"end":{"line":51,"column":1869}},"2":{"start":{"line":63,"column":8},"end":{"line":63,"column":43}},"3":{"start":{"line":64,"column":8},"end":{"line":64,"column":36}},"4":{"start":{"line":68,"column":8},"end":{"line":68,"column":57}},"5":{"start":{"line":69,"column":8},"end":{"line":69,"column":2389}},"6":{"start":{"line":73,"column":8},"end":{"line":73,"column":2552}},"7":{"start":{"line":76,"column":8},"end":{"line":76,"column":2642}},"8":{"start":{"line":83,"column":8},"end":{"line":83,"column":2811}},"9":{"start":{"line":89,"column":8},"end":{"line":89,"column":2964}},"10":{"start":{"line":94,"column":8},"end":{"line":94,"column":25}}},"branchMap":{"1":{"line":34,"type":"if","locations":[{"start":{"line":34,"column":13},"end":{"line":34,"column":13}},{"start":{"line":34,"column":13},"end":{"line":34,"column":13}}]},"2":{"line":51,"type":"if","locations":[{"start":{"line":51,"column":8},"end":{"line":51,"column":8}},{"start":{"line":51,"column":8},"end":{"line":51,"column":8}}]},"3":{"line":60,"type":"if","locations":[{"start":{"line":60,"column":24},"end":{"line":60,"column":24}},{"start":{"line":60,"column":24},"end":{"line":60,"column":24}}]},"4":{"line":62,"type":"if","locations":[{"start":{"line":62,"column":55},"end":{"line":62,"column":55}},{"start":{"line":62,"column":55},"end":{"line":62,"column":55}}]},"5":{"line":68,"type":"if","locations":[{"start":{"line":68,"column":8},"end":{"line":68,"column":8}},{"start":{"line":68,"column":8},"end":{"line":68,"column":8}}]},"6":{"line":69,"type":"if","locations":[{"start":{"line":69,"column":8},"end":{"line":69,"column":8}},{"start":{"line":69,"column":8},"end":{"line":69,"column":8}}]},"7":{"line":76,"type":"if","locations":[{"start":{"line":76,"column":8},"end":{"line":76,"column":8}},{"start":{"line":76,"column":8},"end":{"line":76,"column":8}}]}}}}