{
"contracts/NFTContract.sol":{"l":{"10":1},"path":"/Users/xinzhuoliu/7500Crypto/project/v2.0/contracts/NFTContract.sol","s":{"1":1},"b":{},"f":{"1":3,"2":1},"fnMap":{"1":{"name":"constructor","line":8,"loc":{"start":{"line":8,"column":4},"end":{"line":8,"column":42}}},"2":{"name":"mint","line":9,"loc":{"start":{"line":9,"column":4},"end":{"line":11,"column":4}}}},"statementMap":{"1":{"start":{"line":10,"column":8},"end":{"line":10,"column":25}}},"branchMap":{}},
"contracts/NFTDutchAuction.sol":{"l":{"28":3,"29":3,"30":3,"31":3,"32":3,"33":3,"34":3,"35":3,"39":3,"43":1,"44":1,"51":1,"52":1,"53":1,"54":1,"55":1},"path":"/Users/xinzhuoliu/7500Crypto/project/v2.0/contracts/NFTDutchAuction.sol","s":{"1":1,"2":1,"3":1,"4":1,"5":1},"b":{"1":[1,0],"2":[1,0]},"f":{"1":3,"2":1},"fnMap":{"1":{"name":"constructor","line":20,"loc":{"start":{"line":20,"column":4},"end":{"line":40,"column":4}}},"2":{"name":"bid","line":42,"loc":{"start":{"line":42,"column":4},"end":{"line":56,"column":4}}}},"statementMap":{"1":{"start":{"line":43,"column":8},"end":{"line":43,"column":57}},"2":{"start":{"line":44,"column":8},"end":{"line":44,"column":1410}},"3":{"start":{"line":53,"column":8},"end":{"line":53,"column":88}},"4":{"start":{"line":54,"column":8},"end":{"line":54,"column":32}},"5":{"start":{"line":55,"column":8},"end":{"line":55,"column":25}}},"branchMap":{"1":{"line":43,"type":"if","locations":[{"start":{"line":43,"column":8},"end":{"line":43,"column":8}},{"start":{"line":43,"column":8},"end":{"line":43,"column":8}}]},"2":{"line":44,"type":"if","locations":[{"start":{"line":44,"column":8},"end":{"line":44,"column":8}},{"start":{"line":44,"column":8},"end":{"line":44,"column":8}}]}}}}
