TN:
SF:/Users/xinzhuoliu/7500Crypto/project/v2.0/contracts/NFTContract.sol
FN:8,constructor
FN:9,mint
FNF:2
FNH:2
FNDA:3,constructor
FNDA:1,mint
DA:10,1
LF:1
LH:1
BRF:0
BRH:0
end_of_record
TN:
SF:/Users/xinzhuoliu/7500Crypto/project/v2.0/contracts/NFTDutchAuction.sol
FN:20,constructor
FN:42,bid
FNF:2
FNH:2
FNDA:3,constructor
FNDA:1,bid
DA:28,3
DA:29,3
DA:30,3
DA:31,3
DA:32,3
DA:33,3
DA:34,3
DA:35,3
DA:39,3
DA:43,1
DA:44,1
DA:51,1
DA:52,1
DA:53,1
DA:54,1
DA:55,1
LF:16
LH:16
BRDA:43,1,0,1
BRDA:43,1,1,0
BRDA:44,2,0,1
BRDA:44,2,1,0
BRF:4
BRH:2
end_of_record
